<?xml version='1.0' encoding='UTF-8' ?>
<testsuite name="com.devfiveurjc.agendaly.NavigationTest" tests="1" failures="1" errors="0" skipped="0" time="3.684" timestamp="2023-04-24T13:26:46" hostname="localhost">
  <properties>
    <property name="device" value="Nexus_5_API_30(AVD) - 11" />
    <property name="flavor" value="" />
    <property name="project" value=":app" />
  </properties>
  <testcase name="testNavigation" classname="com.devfiveurjc.agendaly.NavigationTest" time="2.387">
    <failure>androidx.test.espresso.NoMatchingViewException: No views in hierarchy found matching: with id: com.devfiveurjc.agendaly:id/TaskAddFragment

View Hierarchy:
+&gt;DecorView{id=-1, visibility=VISIBLE, width=1080, height=1920, has-focus=false, has-focusable=true, has-window-focus=true, is-clickable=false, is-enabled=true, is-focused=false, is-focusable=false, is-layout-requested=false, is-selected=false, layout-params={(0,0)(fillxfill) ty=BASE_APPLICATION wanim=0x10302fe
fl=LAYOUT_IN_SCREEN LAYOUT_INSET_DECOR SPLIT_TOUCH HARDWARE_ACCELERATED DRAWS_SYSTEM_BAR_BACKGROUNDS
pfl=FORCE_DRAW_STATUS_BAR_BACKGROUND FIT_INSETS_CONTROLLED
fitSides=}, tag=null, root-is-layout-requested=false, has-input-connection=false, x=0.0, y=0.0, child-count=3}
|
+-&gt;LinearLayout{id=-1, visibility=VISIBLE, width=1080, height=1776, has-focus=false, has-focusable=true, has-window-focus=true, is-clickable=false, is-enabled=true, is-focused=false, is-focusable=false, is-layout-requested=false, is-selected=false, layout-params=android.widget.FrameLayout$LayoutParams&#64;d35b5f7, tag=null, root-is-layout-requested=false, has-input-connection=false, x=0.0, y=0.0, child-count=2}
|
+--&gt;ViewStub{id=16908719, res-name=action_mode_bar_stub, visibility=GONE, width=0, height=0, has-focus=false, has-focusable=false, has-window-focus=true, is-clickable=false, is-enabled=true, is-focused=false, is-focusable=false, is-layout-requested=true, is-selected=false, layout-params=android.widget.LinearLayout$LayoutParams&#64;159ec64, tag=null, root-is-layout-requested=false, has-input-connection=false, x=0.0, y=0.0}
|
+--&gt;FrameLayout{id=-1, visibility=VISIBLE, width=1080, height=1776, has-focus=false, has-focusable=true, has-window-focus=true, is-clickable=false, is-enabled=true, is-focused=false, is-focusable=false, is-layout-requested=false, is-selected=false, layout-params=android.widget.LinearLayout$LayoutParams&#64;93a3382, tag=null, root-is-layout-requested=false, has-input-connection=false, x=0.0, y=0.0, child-count=1}
|
+---&gt;FitWindowsLinearLayout{id=2131296322, res-name=action_bar_root, visibility=VISIBLE, width=1080, height=1776, has-focus=false, has-focusable=true, has-window-focus=true, is-clickable=false, is-enabled=true, is-focused=false, is-focusable=false, is-layout-requested=false, is-selected=false, layout-params=android.widget.FrameLayout$LayoutParams&#64;1780ac9, tag=null, root-is-layout-requested=false, has-input-connection=false, x=0.0, y=0.0, child-count=2}
|
+----&gt;ViewStubCompat{id=2131296333, res-name=action_mode_bar_stub, visibility=GONE, width=0, height=0, has-focus=false, has-focusable=false, has-window-focus=true, is-clickable=false, is-enabled=true, is-focused=false, is-focusable=false, is-layout-requested=true, is-selected=false, layout-params=android.widget.LinearLayout$LayoutParams&#64;3dc05ce, tag=null, root-is-layout-requested=false, has-input-connection=false, x=0.0, y=0.0}
|
+----&gt;ContentFrameLayout{id=16908290, res-name=content, visibility=VISIBLE, width=1080, height=1776, has-focus=false, has-focusable=true, has-window-focus=true, is-clickable=false, is-enabled=true, is-focused=false, is-focusable=false, is-layout-requested=false, is-selected=false, layout-params=android.widget.LinearLayout$LayoutParams&#64;cf463fc, tag=null, root-is-layout-requested=false, has-input-connection=false, x=0.0, y=0.0, child-count=1}
|
+-----&gt;CoordinatorLayout{id=-1, visibility=VISIBLE, width=1080, height=1776, has-focus=false, has-focusable=true, has-window-focus=true, is-clickable=false, is-enabled=true, is-focused=false, is-focusable=false, is-layout-requested=false, is-selected=false, layout-params=android.widget.FrameLayout$LayoutParams&#64;b6d8a85, tag=null, root-is-layout-requested=false, has-input-connection=false, x=0.0, y=0.0, child-count=2}
|
+------&gt;AppBarLayout{id=-1, visibility=VISIBLE, width=1080, height=168, has-focus=false, has-focusable=false, has-window-focus=true, is-clickable=false, is-enabled=true, is-focused=false, is-focusable=false, is-layout-requested=false, is-selected=false, layout-params=androidx.coordinatorlayout.widget.CoordinatorLayout$LayoutParams&#64;b47e90b, tag=null, root-is-layout-requested=false, has-input-connection=false, x=0.0, y=72.0, child-count=1}
|
+-------&gt;Toolbar{id=2131296769, res-name=toolbar, visibility=VISIBLE, width=1080, height=168, has-focus=false, has-focusable=false, has-window-focus=true, is-clickable=false, is-enabled=true, is-focused=false, is-focusable=false, is-layout-requested=false, is-selected=false, layout-params=com.google.android.material.appbar.AppBarLayout$LayoutParams&#64;30a0ae7, tag=null, root-is-layout-requested=false, has-input-connection=false, x=0.0, y=0.0, child-count=3}
|
+--------&gt;AppCompatTextView{id=-1, visibility=VISIBLE, width=255, height=81, has-focus=false, has-focusable=false, has-window-focus=true, is-clickable=false, is-enabled=true, is-focused=false, is-focusable=false, is-layout-requested=false, is-selected=false, layout-params=androidx.appcompat.widget.Toolbar$LayoutParams&#64;433694, tag=null, root-is-layout-requested=false, has-input-connection=false, x=216.0, y=43.0, text=Add Task, input-type=0, ime-target=false, has-links=false}
|
+--------&gt;ActionMenuView{id=-1, visibility=VISIBLE, width=120, height=168, has-focus=false, has-focusable=false, has-window-focus=true, is-clickable=false, is-enabled=true, is-focused=false, is-focusable=false, is-layout-requested=false, is-selected=false, layout-params=androidx.appcompat.widget.Toolbar$LayoutParams&#64;fea8132, tag=null, root-is-layout-requested=false, has-input-connection=false, x=960.0, y=0.0, child-count=1}
|
+---------&gt;OverflowMenuButton{id=-1, desc=More options, visibility=VISIBLE, width=120, height=144, has-focus=false, has-focusable=false, has-window-focus=true, is-clickable=true, is-enabled=true, is-focused=false, is-focusable=true, is-layout-requested=false, is-selected=false, layout-params=androidx.appcompat.widget.ActionMenuView$LayoutParams&#64;8e26e83, tag=null, root-is-layout-requested=false, has-input-connection=false, x=0.0, y=12.0}
|
+--------&gt;AppCompatImageButton{id=-1, desc=Navigate up, visibility=VISIBLE, width=168, height=168, has-focus=false, has-focusable=false, has-window-focus=true, is-clickable=true, is-enabled=true, is-focused=false, is-focusable=true, is-layout-requested=false, is-selected=false, layout-params=androidx.appcompat.widget.Toolbar$LayoutParams&#64;2672800, tag=null, root-is-layout-requested=false, has-input-connection=false, x=0.0, y=0.0}
|
+------&gt;ConstraintLayout{id=-1, visibility=VISIBLE, width=1080, height=1536, has-focus=false, has-focusable=true, has-window-focus=true, is-clickable=false, is-enabled=true, is-focused=false, is-focusable=false, is-layout-requested=false, is-selected=false, layout-params=androidx.coordinatorlayout.widget.CoordinatorLayout$LayoutParams&#64;e3b7e7e, tag=null, root-is-layout-requested=false, has-input-connection=false, x=0.0, y=240.0, child-count=1}
|
+-------&gt;FragmentContainerView{id=2131296583, res-name=nav_host_fragment_content_main, visibility=VISIBLE, width=1080, height=1536, has-focus=false, has-focusable=true, has-window-focus=true, is-clickable=false, is-enabled=true, is-focused=false, is-focusable=false, is-layout-requested=false, is-selected=false, layout-params=androidx.constraintlayout.widget.ConstraintLayout$LayoutParams&#64;c16c42c, tag=null, root-is-layout-requested=false, has-input-connection=false, x=0.0, y=0.0, child-count=1}
|
+--------&gt;ConstraintLayout{id=2131296718, res-name=taskAddConstraintLayout, visibility=VISIBLE, width=1080, height=1536, has-focus=false, has-focusable=true, has-window-focus=true, is-clickable=false, is-enabled=true, is-focused=false, is-focusable=false, is-layout-requested=false, is-selected=false, layout-params=android.widget.FrameLayout$LayoutParams&#64;eeb6cc4, tag=null, root-is-layout-requested=false, has-input-connection=false, x=0.0, y=0.0, child-count=7}
|
+---------&gt;TextInputEditText{id=2131296723, res-name=taskAddEditTitle, visibility=VISIBLE, width=850, height=160, has-focus=false, has-focusable=true, has-window-focus=true, is-clickable=true, is-enabled=true, is-focused=false, is-focusable=true, is-layout-requested=false, is-selected=false, layout-params=androidx.constraintlayout.widget.ConstraintLayout$LayoutParams&#64;30bfe73, tag=null, root-is-layout-requested=false, has-input-connection=true, editor-info=[inputType=0x40061 imeOptions=0x8000005 privateImeOptions=null actionLabel=null actionId=0 initialSelStart=0 initialSelEnd=0 initialCapsMode=0x0 hintText=Write a title label=null packageName=null autofillId=null fieldId=0 fieldName=null extras=Bundle[{android.support.text.emoji.emojiCompat_metadataVersion=5, android.support.text.emoji.emojiCompat_replaceAll=false}] hintLocales=null contentMimeTypes=null ], x=114.0, y=147.0, text=, hint=Write a title, input-type=262241, ime-target=false, has-links=false}
|
+---------&gt;TextInputEditText{id=2131296721, res-name=taskAddEditDescription, visibility=VISIBLE, width=630, height=136, has-focus=false, has-focusable=true, has-window-focus=true, is-clickable=true, is-enabled=true, is-focused=false, is-focusable=true, is-layout-requested=false, is-selected=false, layout-params=androidx.constraintlayout.widget.ConstraintLayout$LayoutParams&#64;3949130, tag=null, root-is-layout-requested=false, has-input-connection=true, editor-info=[inputType=0x40061 imeOptions=0x4000006 privateImeOptions=null actionLabel=null actionId=0 initialSelStart=0 initialSelEnd=0 initialCapsMode=0x0 hintText=Write a description label=null packageName=null autofillId=null fieldId=0 fieldName=null extras=Bundle[{android.support.text.emoji.emojiCompat_metadataVersion=5, android.support.text.emoji.emojiCompat_replaceAll=false}] hintLocales=null contentMimeTypes=null ], x=224.0, y=287.0, text=, hint=Write a description, input-type=262241, ime-target=false, has-links=false}
|
+---------&gt;MaterialTextView{id=2131296719, res-name=taskAddDate, visibility=VISIBLE, width=450, height=165, has-focus=false, has-focusable=false, has-window-focus=true, is-clickable=false, is-enabled=true, is-focused=false, is-focusable=false, is-layout-requested=false, is-selected=false, layout-params=androidx.constraintlayout.widget.ConstraintLayout$LayoutParams&#64;59ea1a9, tag=null, root-is-layout-requested=false, has-input-connection=false, x=468.0, y=780.0, text=24/04/2023, input-type=0, ime-target=false, has-links=false}
|
+---------&gt;MaterialTextView{id=2131296725, res-name=taskAddTime, visibility=VISIBLE, width=450, height=165, has-focus=false, has-focusable=false, has-window-focus=true, is-clickable=false, is-enabled=true, is-focused=false, is-focusable=false, is-layout-requested=false, is-selected=false, layout-params=androidx.constraintlayout.widget.ConstraintLayout$LayoutParams&#64;b82832e, tag=null, root-is-layout-requested=false, has-input-connection=false, x=468.0, y=988.0, text=15:26, input-type=0, ime-target=false, has-links=false}
|
+---------&gt;FloatingActionButton{id=2131296720, res-name=taskAddEditDateButton, desc=Date, visibility=VISIBLE, width=165, height=165, has-focus=false, has-focusable=true, has-window-focus=true, is-clickable=true, is-enabled=true, is-focused=false, is-focusable=true, is-layout-requested=false, is-selected=false, layout-params=androidx.constraintlayout.widget.ConstraintLayout$LayoutParams&#64;e1e0ecf, tag=null, root-is-layout-requested=false, has-input-connection=false, x=169.0, y=780.0}
|
+---------&gt;FloatingActionButton{id=2131296722, res-name=taskAddEditTimeButton, desc=Time, visibility=VISIBLE, width=165, height=165, has-focus=false, has-focusable=true, has-window-focus=true, is-clickable=true, is-enabled=true, is-focused=false, is-focusable=true, is-layout-requested=false, is-selected=false, layout-params=androidx.constraintlayout.widget.ConstraintLayout$LayoutParams&#64;e69905c, tag=null, root-is-layout-requested=false, has-input-connection=false, x=169.0, y=988.0}
|
+---------&gt;MaterialButton{id=2131296724, res-name=taskAddSaveButton, visibility=VISIBLE, width=321, height=168, has-focus=false, has-focusable=true, has-window-focus=true, is-clickable=true, is-enabled=true, is-focused=false, is-focusable=true, is-layout-requested=false, is-selected=false, layout-params=androidx.constraintlayout.widget.ConstraintLayout$LayoutParams&#64;16af65, tag=null, root-is-layout-requested=false, has-input-connection=false, x=378.0, y=1297.0, text=Save, input-type=0, ime-target=false, has-links=false, is-checked=false}
|
+-&gt;View{id=16908336, res-name=navigationBarBackground, visibility=VISIBLE, width=1080, height=144, has-focus=false, has-focusable=false, has-window-focus=true, is-clickable=false, is-enabled=true, is-focused=false, is-focusable=false, is-layout-requested=false, is-selected=false, layout-params=android.widget.FrameLayout$LayoutParams&#64;37a43a, tag=null, root-is-layout-requested=false, has-input-connection=false, x=0.0, y=1776.0}
|
+-&gt;View{id=16908335, res-name=statusBarBackground, visibility=VISIBLE, width=1080, height=72, has-focus=false, has-focusable=false, has-window-focus=true, is-clickable=false, is-enabled=true, is-focused=false, is-focusable=false, is-layout-requested=false, is-selected=false, layout-params=android.widget.FrameLayout$LayoutParams&#64;a96c8eb, tag=null, root-is-layout-requested=false, has-input-connection=false, x=0.0, y=0.0}
|
at dalvik.system.VMStack.getThreadStackTrace(Native Method)
at java.lang.Thread.getStackTrace(Thread.java:1736)
at androidx.test.espresso.base.DefaultFailureHandler.getUserFriendlyError(DefaultFailureHandler.java:88)
at androidx.test.espresso.base.DefaultFailureHandler.handle(DefaultFailureHandler.java:51)
at androidx.test.espresso.ViewInteraction.waitForAndHandleInteractionResults(ViewInteraction.java:312)
at androidx.test.espresso.ViewInteraction.check(ViewInteraction.java:297)
at com.devfiveurjc.agendaly.NavigationTest.testNavigation(NavigationTest.java:24)
at java.lang.reflect.Method.invoke(Native Method)
at org.junit.runners.model.FrameworkMethod$1.runReflectiveCall(FrameworkMethod.java:50)
at org.junit.internal.runners.model.ReflectiveCallable.run(ReflectiveCallable.java:12)
at org.junit.runners.model.FrameworkMethod.invokeExplosively(FrameworkMethod.java:47)
at org.junit.internal.runners.statements.InvokeMethod.evaluate(InvokeMethod.java:17)
at org.junit.runners.ParentRunner.runLeaf(ParentRunner.java:325)
at org.junit.runners.BlockJUnit4ClassRunner.runChild(BlockJUnit4ClassRunner.java:78)
at org.junit.runners.BlockJUnit4ClassRunner.runChild(BlockJUnit4ClassRunner.java:57)
at org.junit.runners.ParentRunner$3.run(ParentRunner.java:290)
at org.junit.runners.ParentRunner$1.schedule(ParentRunner.java:71)
at org.junit.runners.ParentRunner.runChildren(ParentRunner.java:288)
at org.junit.runners.ParentRunner.access$000(ParentRunner.java:58)
at org.junit.runners.ParentRunner$2.evaluate(ParentRunner.java:268)
at org.junit.runners.ParentRunner.run(ParentRunner.java:363)
at org.junit.runners.Suite.runChild(Suite.java:128)
at org.junit.runners.Suite.runChild(Suite.java:27)
at org.junit.runners.ParentRunner$3.run(ParentRunner.java:290)
at org.junit.runners.ParentRunner$1.schedule(ParentRunner.java:71)
at org.junit.runners.ParentRunner.runChildren(ParentRunner.java:288)
at org.junit.runners.ParentRunner.access$000(ParentRunner.java:58)
at org.junit.runners.ParentRunner$2.evaluate(ParentRunner.java:268)
at org.junit.runners.ParentRunner.run(ParentRunner.java:363)
at org.junit.runner.JUnitCore.run(JUnitCore.java:137)
at org.junit.runner.JUnitCore.run(JUnitCore.java:115)
at androidx.test.internal.runner.TestExecutor.execute(TestExecutor.java:56)
at androidx.test.runner.AndroidJUnitRunner.onStart(AndroidJUnitRunner.java:388)
at android.app.Instrumentation$InstrumentationThread.run(Instrumentation.java:2205)</failure>
  </testcase>
</testsuite>